Start testing: Sep 25 17:45 W. Europe Daylight Time
----------------------------------------------------------
1/2 Testing: FixedPointTest.Addition
1/2 Test: FixedPointTest.Addition
Command: "C:/projects/Learning/panos/playground/build/fixed_point/fixed_point_test.exe" "--gtest_filter=FixedPointTest.Addition" "--gtest_also_run_disabled_tests"
Directory: C:/projects/Learning/panos/playground/build/fixed_point
"FixedPointTest.Addition" start time: Sep 25 17:45 W. Europe Daylight Time
Output:
----------------------------------------------------------
Running main() from C:\projects\Learning\panos\playground\build\_deps\googletest-src\googletest\src\gtest_main.cc
Note: Google Test filter = FixedPointTest.Addition
[==========] Running 1 test from 1 test suite.
[----------] Global test environment set-up.
[----------] 1 test from FixedPointTest
[ RUN      ] FixedPointTest.Addition
[       OK ] FixedPointTest.Addition (0 ms)
[----------] 1 test from FixedPointTest (0 ms total)

[----------] Global test environment tear-down
[==========] 1 test from 1 test suite ran. (0 ms total)
[  PASSED  ] 1 test.
<end of output>
Test time =   0.02 sec
----------------------------------------------------------
Test Passed.
"FixedPointTest.Addition" end time: Sep 25 17:45 W. Europe Daylight Time
"FixedPointTest.Addition" time elapsed: 00:00:00
----------------------------------------------------------

2/2 Testing: FixedPointTest.Multiplication
2/2 Test: FixedPointTest.Multiplication
Command: "C:/projects/Learning/panos/playground/build/fixed_point/fixed_point_test.exe" "--gtest_filter=FixedPointTest.Multiplication" "--gtest_also_run_disabled_tests"
Directory: C:/projects/Learning/panos/playground/build/fixed_point
"FixedPointTest.Multiplication" start time: Sep 25 17:45 W. Europe Daylight Time
Output:
----------------------------------------------------------
Running main() from C:\projects\Learning\panos\playground\build\_deps\googletest-src\googletest\src\gtest_main.cc
Note: Google Test filter = FixedPointTest.Multiplication
[==========] Running 1 test from 1 test suite.
[----------] Global test environment set-up.
[----------] 1 test from FixedPointTest
[ RUN      ] FixedPointTest.Multiplication
[       OK ] FixedPointTest.Multiplication (0 ms)
[----------] 1 test from FixedPointTest (0 ms total)

[----------] Global test environment tear-down
[==========] 1 test from 1 test suite ran. (0 ms total)
[  PASSED  ] 1 test.
<end of output>
Test time =   0.02 sec
----------------------------------------------------------
Test Passed.
"FixedPointTest.Multiplication" end time: Sep 25 17:45 W. Europe Daylight Time
"FixedPointTest.Multiplication" time elapsed: 00:00:00
----------------------------------------------------------

End testing: Sep 25 17:45 W. Europe Daylight Time
